{
    "FunctionName": "hello-cli",
    "FunctionArn": "arn:aws:lambda:us-east-1:453642495907:function:hello-cli:1",
    "Runtime": "nodejs12.x",
    "Role": "arn:aws:iam::453642495907:role/lambda-exemplo2",
    "Handler": "index.handler",
    "CodeSize": 314,
    "Description": "",
    "Timeout": 3,
    "MemorySize": 128,
    "LastModified": "2021-04-04T21:44:43.452+0000",
    "CodeSha256": "0tMYyycR432SbAsqvBFIYP0YcJFqYNChVDt4ELtPlTU=",
    "Version": "1",
    "TracingConfig": {
        "Mode": "PassThrough"
    },
    "RevisionId": "94e65ff2-97a6-4ea6-ac72-78c60c410b44",
    "State": "Active",
    "LastUpdateStatus": "Successful",
    "PackageType": "Zip"
}
